2019-01-21 12:41:34 - INFO - Starting HealthcareApplication on DESKTOP-3F0E4FQ with PID 11808 (E:\workspace-sts\HealthcareApplication\target\classes started by venkat swamy in E:\workspace-sts\HealthcareApplication)
2019-01-21 12:41:34 - INFO - No active profile set, falling back to default profiles: default
2019-01-21 12:41:36 - INFO - Bootstrapping Spring Data repositories in DEFAULT mode.
2019-01-21 12:41:37 - INFO - Finished Spring Data repository scanning in 147ms. Found 3 repository interfaces.
2019-01-21 12:41:38 - INFO - Bean 'org.springframework.transaction.annotation.ProxyTransactionManagementConfiguration' of type [org.springframework.transaction.annotation.ProxyTransactionManagementConfiguration$$EnhancerBySpringCGLIB$$6c81fbfd] is not eligible for getting processed by all BeanPostProcessors (for example: not eligible for auto-proxying)
2019-01-21 12:41:38 - INFO - Tomcat initialized with port(s): 8181 (http)
2019-01-21 12:41:38 - INFO - Starting service [Tomcat]
2019-01-21 12:41:38 - INFO - Starting Servlet engine: [Apache Tomcat/9.0.14]
2019-01-21 12:41:38 - INFO - The APR based Apache Tomcat Native library which allows optimal performance in production environments was not found on the java.library.path: [C:\Program Files\Java\jre1.8.0_192\bin;C:\WINDOWS\Sun\Java\bin;C:\WINDOWS\system32;C:\WINDOWS;C:/Program Files/Java/jre1.8.0_192/bin/server;C:/Program Files/Java/jre1.8.0_192/bin;C:/Program Files/Java/jre1.8.0_192/lib/amd64;C:\Program Files (x86)\Common Files\Oracle\Java\javapath;C:\WINDOWS\system32;C:\WINDOWS;C:\WINDOWS\System32\Wbem;C:\WINDOWS\System32\WindowsPowerShell\v1.0\;C:\Program Files\Java\jdk1.8.0_192\bin;C:\Program Files\Java\jre1.8.0_192\bin;C:\WINDOWS\System32\OpenSSH\;C:\Program Files\Git\cmd;C:\Program Files\Git\mingw64\bin;C:\Program Files\Git\usr\bin;C:\Program Files\MongoDB\Server\4.0\bin;C:\Users\venkat swamy\AppData\Local\Microsoft\WindowsApps;;E:\softwares\sts-bundle\sts-3.9.6.RELEASE;;.]
2019-01-21 12:41:39 - INFO - Initializing Spring embedded WebApplicationContext
2019-01-21 12:41:39 - INFO - Root WebApplicationContext: initialization completed in 4182 ms
2019-01-21 12:41:39 - INFO - HikariPool-1 - Starting...
2019-01-21 12:41:44 - INFO - HikariPool-1 - Start completed.
2019-01-21 12:41:45 - INFO - HHH000204: Processing PersistenceUnitInfo [
	name: default
	...]
2019-01-21 12:41:47 - INFO - HHH000412: Hibernate Core {5.3.7.Final}
2019-01-21 12:41:47 - INFO - HHH000206: hibernate.properties not found
2019-01-21 12:41:49 - INFO - HCANN000001: Hibernate Commons Annotations {5.0.4.Final}
2019-01-21 12:41:49 - INFO - HHH000400: Using dialect: org.hibernate.dialect.MySQL5Dialect
2019-01-21 12:41:57 - INFO - Initialized JPA EntityManagerFactory for persistence unit 'default'
2019-01-21 12:42:01 - INFO - Initializing ExecutorService 'applicationTaskExecutor'
2019-01-21 12:42:01 - WARN - spring.jpa.open-in-view is enabled by default. Therefore, database queries may be performed during view rendering. Explicitly configure spring.jpa.open-in-view to disable this warning
2019-01-21 12:42:05 - INFO - Tomcat started on port(s): 8181 (http) with context path ''
2019-01-21 12:42:05 - INFO - Started HealthcareApplication in 31.822 seconds (JVM running for 33.268)
2019-01-21 12:42:34 - INFO - Entering into getAllHospitals method 1548092554380
2019-01-21 12:42:34 - INFO - HHH000397: Using ASTQueryTranslatorFactory
2019-01-21 12:42:35 - INFO - Exiting on getAllHospitals method 1548092555581
2019-01-21 12:42:49 - INFO - Entering into getHospitalById method 1548092569285
2019-01-21 12:42:49 - INFO - Exiting on getHospitalById method 1548092569298
2019-01-21 12:42:52 - INFO - Entering into hospitalHomePage method 1548092572994
2019-01-21 12:42:52 - INFO - Exiting on hospitalHomePage method 1548092572995
2019-01-21 12:42:53 - ERROR - MessageBodyWriter not found for media type=text/html, type=class org.springframework.web.servlet.ModelAndView, genericType=class org.springframework.web.servlet.ModelAndView.
2019-01-21 12:56:32 - INFO - Application shutdown requested.
2019-01-21 12:56:33 - INFO - Shutting down ExecutorService 'applicationTaskExecutor'
2019-01-21 12:56:33 - INFO - Closing JPA EntityManagerFactory for persistence unit 'default'
2019-01-21 12:56:33 - INFO - HikariPool-1 - Shutdown initiated...
2019-01-21 12:56:33 - INFO - HikariPool-1 - Shutdown completed.
2019-01-21 12:57:29 - INFO - Starting HealthcareApplication on DESKTOP-3F0E4FQ with PID 6724 (E:\workspace-sts\HealthcareApplication\target\classes started by venkat swamy in E:\workspace-sts\HealthcareApplication)
2019-01-21 12:57:29 - INFO - No active profile set, falling back to default profiles: default
2019-01-21 12:57:30 - INFO - Bootstrapping Spring Data repositories in DEFAULT mode.
2019-01-21 12:57:30 - INFO - Finished Spring Data repository scanning in 77ms. Found 3 repository interfaces.
2019-01-21 12:57:31 - INFO - Bean 'org.springframework.transaction.annotation.ProxyTransactionManagementConfiguration' of type [org.springframework.transaction.annotation.ProxyTransactionManagementConfiguration$$EnhancerBySpringCGLIB$$bc7f3cf4] is not eligible for getting processed by all BeanPostProcessors (for example: not eligible for auto-proxying)
2019-01-21 12:57:31 - INFO - Tomcat initialized with port(s): 8181 (http)
2019-01-21 12:57:31 - INFO - Starting service [Tomcat]
2019-01-21 12:57:31 - INFO - Starting Servlet engine: [Apache Tomcat/9.0.14]
2019-01-21 12:57:31 - INFO - The APR based Apache Tomcat Native library which allows optimal performance in production environments was not found on the java.library.path: [C:\Program Files\Java\jre1.8.0_192\bin;C:\WINDOWS\Sun\Java\bin;C:\WINDOWS\system32;C:\WINDOWS;C:/Program Files/Java/jre1.8.0_192/bin/server;C:/Program Files/Java/jre1.8.0_192/bin;C:/Program Files/Java/jre1.8.0_192/lib/amd64;C:\Program Files (x86)\Common Files\Oracle\Java\javapath;C:\WINDOWS\system32;C:\WINDOWS;C:\WINDOWS\System32\Wbem;C:\WINDOWS\System32\WindowsPowerShell\v1.0\;C:\Program Files\Java\jdk1.8.0_192\bin;C:\Program Files\Java\jre1.8.0_192\bin;C:\WINDOWS\System32\OpenSSH\;C:\Program Files\Git\cmd;C:\Program Files\Git\mingw64\bin;C:\Program Files\Git\usr\bin;C:\Program Files\MongoDB\Server\4.0\bin;C:\Users\venkat swamy\AppData\Local\Microsoft\WindowsApps;;E:\softwares\sts-bundle\sts-3.9.6.RELEASE;;.]
2019-01-21 12:57:31 - INFO - Initializing Spring embedded WebApplicationContext
2019-01-21 12:57:31 - INFO - Root WebApplicationContext: initialization completed in 2283 ms
2019-01-21 12:57:32 - INFO - HikariPool-1 - Starting...
2019-01-21 12:57:32 - INFO - HikariPool-1 - Start completed.
2019-01-21 12:57:32 - INFO - HHH000204: Processing PersistenceUnitInfo [
	name: default
	...]
2019-01-21 12:57:33 - INFO - HHH000412: Hibernate Core {5.3.7.Final}
2019-01-21 12:57:33 - INFO - HHH000206: hibernate.properties not found
2019-01-21 12:57:33 - INFO - HCANN000001: Hibernate Commons Annotations {5.0.4.Final}
2019-01-21 12:57:33 - INFO - HHH000400: Using dialect: org.hibernate.dialect.MySQL5Dialect
2019-01-21 12:57:38 - INFO - Initialized JPA EntityManagerFactory for persistence unit 'default'
2019-01-21 12:57:39 - INFO - Initializing ExecutorService 'applicationTaskExecutor'
2019-01-21 12:57:39 - WARN - spring.jpa.open-in-view is enabled by default. Therefore, database queries may be performed during view rendering. Explicitly configure spring.jpa.open-in-view to disable this warning
2019-01-21 12:57:39 - INFO - Adding welcome page template: index
2019-01-21 12:57:40 - INFO - Tomcat started on port(s): 8181 (http) with context path ''
2019-01-21 12:57:40 - INFO - Started HealthcareApplication in 11.092 seconds (JVM running for 12.331)
2019-01-21 12:57:45 - INFO - Entering into getAllHospitals method 1548093465400
2019-01-21 12:57:45 - INFO - HHH000397: Using ASTQueryTranslatorFactory
2019-01-21 12:57:46 - INFO - Exiting on getAllHospitals method 1548093466080
2019-01-21 12:58:45 - INFO - Application shutdown requested.
2019-01-21 12:58:45 - INFO - Shutting down ExecutorService 'applicationTaskExecutor'
2019-01-21 12:58:45 - INFO - Closing JPA EntityManagerFactory for persistence unit 'default'
2019-01-21 12:58:45 - INFO - HikariPool-1 - Shutdown initiated...
2019-01-21 12:58:45 - INFO - HikariPool-1 - Shutdown completed.
2019-01-21 12:58:57 - INFO - Starting HealthcareApplication on DESKTOP-3F0E4FQ with PID 10820 (E:\workspace-sts\HealthcareApplication\target\classes started by venkat swamy in E:\workspace-sts\HealthcareApplication)
2019-01-21 12:58:57 - INFO - No active profile set, falling back to default profiles: default
2019-01-21 12:58:58 - INFO - Bootstrapping Spring Data repositories in DEFAULT mode.
2019-01-21 12:58:58 - INFO - Finished Spring Data repository scanning in 98ms. Found 3 repository interfaces.
2019-01-21 12:58:58 - INFO - Bean 'org.springframework.transaction.annotation.ProxyTransactionManagementConfiguration' of type [org.springframework.transaction.annotation.ProxyTransactionManagementConfiguration$$EnhancerBySpringCGLIB$$4be1285d] is not eligible for getting processed by all BeanPostProcessors (for example: not eligible for auto-proxying)
2019-01-21 12:58:59 - INFO - Tomcat initialized with port(s): 8181 (http)
2019-01-21 12:58:59 - INFO - Starting service [Tomcat]
2019-01-21 12:58:59 - INFO - Starting Servlet engine: [Apache Tomcat/9.0.14]
2019-01-21 12:58:59 - INFO - The APR based Apache Tomcat Native library which allows optimal performance in production environments was not found on the java.library.path: [C:\Program Files\Java\jre1.8.0_192\bin;C:\WINDOWS\Sun\Java\bin;C:\WINDOWS\system32;C:\WINDOWS;C:/Program Files/Java/jre1.8.0_192/bin/server;C:/Program Files/Java/jre1.8.0_192/bin;C:/Program Files/Java/jre1.8.0_192/lib/amd64;C:\Program Files (x86)\Common Files\Oracle\Java\javapath;C:\WINDOWS\system32;C:\WINDOWS;C:\WINDOWS\System32\Wbem;C:\WINDOWS\System32\WindowsPowerShell\v1.0\;C:\Program Files\Java\jdk1.8.0_192\bin;C:\Program Files\Java\jre1.8.0_192\bin;C:\WINDOWS\System32\OpenSSH\;C:\Program Files\Git\cmd;C:\Program Files\Git\mingw64\bin;C:\Program Files\Git\usr\bin;C:\Program Files\MongoDB\Server\4.0\bin;C:\Users\venkat swamy\AppData\Local\Microsoft\WindowsApps;;E:\softwares\sts-bundle\sts-3.9.6.RELEASE;;.]
2019-01-21 12:58:59 - INFO - Initializing Spring embedded WebApplicationContext
2019-01-21 12:58:59 - INFO - Root WebApplicationContext: initialization completed in 2420 ms
2019-01-21 12:58:59 - INFO - HikariPool-1 - Starting...
2019-01-21 12:58:59 - INFO - HikariPool-1 - Start completed.
2019-01-21 12:59:00 - INFO - HHH000204: Processing PersistenceUnitInfo [
	name: default
	...]
2019-01-21 12:59:00 - INFO - HHH000412: Hibernate Core {5.3.7.Final}
2019-01-21 12:59:00 - INFO - HHH000206: hibernate.properties not found
2019-01-21 12:59:00 - INFO - HCANN000001: Hibernate Commons Annotations {5.0.4.Final}
2019-01-21 12:59:00 - INFO - HHH000400: Using dialect: org.hibernate.dialect.MySQL5Dialect
2019-01-21 12:59:03 - INFO - Initialized JPA EntityManagerFactory for persistence unit 'default'
2019-01-21 12:59:03 - INFO - Initializing ExecutorService 'applicationTaskExecutor'
2019-01-21 12:59:03 - WARN - spring.jpa.open-in-view is enabled by default. Therefore, database queries may be performed during view rendering. Explicitly configure spring.jpa.open-in-view to disable this warning
2019-01-21 12:59:04 - INFO - Adding welcome page template: index
2019-01-21 12:59:04 - INFO - Tomcat started on port(s): 8181 (http) with context path ''
2019-01-21 12:59:04 - INFO - Started HealthcareApplication in 7.643 seconds (JVM running for 8.764)
2019-01-21 12:59:09 - INFO - Entering into getHospitalById method 1548093549739
2019-01-21 12:59:10 - INFO - Exiting on getHospitalById method 1548093550091
2019-01-21 12:59:33 - INFO - Entering into hospitalHomePage method 1548093573887
2019-01-21 12:59:33 - INFO - Exiting on hospitalHomePage method 1548093573887
2019-01-21 12:59:33 - ERROR - MessageBodyWriter not found for media type=text/html, type=class org.springframework.web.servlet.ModelAndView, genericType=class org.springframework.web.servlet.ModelAndView.
