2019-01-21 15:29:13 - INFO - Neither @ContextConfiguration nor @ContextHierarchy found for test class [com.healthcare.PatientControllerTest], using SpringBootContextLoader
2019-01-21 15:29:13 - INFO - Could not detect default resource locations for test class [com.healthcare.PatientControllerTest]: no resource found for suffixes {-context.xml, Context.groovy}.
2019-01-21 15:29:13 - INFO - Could not detect default configuration classes for test class [com.healthcare.PatientControllerTest]: PatientControllerTest does not declare any static, non-private, non-final, nested classes annotated with @Configuration.
2019-01-21 15:29:13 - INFO - Found @SpringBootConfiguration com.healthcare.HealthcareApplication for test class com.healthcare.PatientControllerTest
2019-01-21 15:29:13 - INFO - Loaded default TestExecutionListener class names from location [META-INF/spring.factories]: [org.springframework.boot.test.mock.mockito.MockitoTestExecutionListener, org.springframework.boot.test.mock.mockito.ResetMocksTestExecutionListener, org.springframework.boot.test.autoconfigure.restdocs.RestDocsTestExecutionListener, org.springframework.boot.test.autoconfigure.web.client.MockRestServiceServerResetTestExecutionListener, org.springframework.boot.test.autoconfigure.web.servlet.MockMvcPrintOnlyOnFailureTestExecutionListener, org.springframework.boot.test.autoconfigure.web.servlet.WebDriverTestExecutionListener, org.springframework.test.context.web.ServletTestExecutionListener, org.springframework.test.context.support.DirtiesContextBeforeModesTestExecutionListener, org.springframework.test.context.support.DependencyInjectionTestExecutionListener, org.springframework.test.context.support.DirtiesContextTestExecutionListener, org.springframework.test.context.transaction.TransactionalTestExecutionListener, org.springframework.test.context.jdbc.SqlScriptsTestExecutionListener]
2019-01-21 15:29:13 - INFO - Using TestExecutionListeners: [org.springframework.test.context.web.ServletTestExecutionListener@2002fc1d, org.springframework.test.context.support.DirtiesContextBeforeModesTestExecutionListener@69453e37, org.springframework.boot.test.mock.mockito.MockitoTestExecutionListener@6f4a47c7, org.springframework.boot.test.autoconfigure.SpringBootDependencyInjectionTestExecutionListener@ae13544, org.springframework.test.context.support.DirtiesContextTestExecutionListener@3d34d211, org.springframework.test.context.transaction.TransactionalTestExecutionListener@7dc0f706, org.springframework.test.context.jdbc.SqlScriptsTestExecutionListener@4009e306, org.springframework.boot.test.mock.mockito.ResetMocksTestExecutionListener@43c1b556, org.springframework.boot.test.autoconfigure.restdocs.RestDocsTestExecutionListener@587e5365, org.springframework.boot.test.autoconfigure.web.client.MockRestServiceServerResetTestExecutionListener@22fcf7ab, org.springframework.boot.test.autoconfigure.web.servlet.MockMvcPrintOnlyOnFailureTestExecutionListener@2de23121, org.springframework.boot.test.autoconfigure.web.servlet.WebDriverTestExecutionListener@63475ace]
2019-01-21 15:29:14 - INFO - Starting PatientControllerTest on DESKTOP-3F0E4FQ with PID 5784 (started by venkat swamy in E:\workspace-sts\HealthcareApplication)
2019-01-21 15:29:14 - INFO - No active profile set, falling back to default profiles: default
2019-01-21 15:29:16 - INFO - Bootstrapping Spring Data repositories in DEFAULT mode.
2019-01-21 15:29:17 - INFO - Finished Spring Data repository scanning in 145ms. Found 3 repository interfaces.
2019-01-21 15:29:18 - INFO - Bean 'org.springframework.transaction.annotation.ProxyTransactionManagementConfiguration' of type [org.springframework.transaction.annotation.ProxyTransactionManagementConfiguration$$EnhancerBySpringCGLIB$$c2ef755] is not eligible for getting processed by all BeanPostProcessors (for example: not eligible for auto-proxying)
2019-01-21 15:29:19 - INFO - HikariPool-1 - Starting...
2019-01-21 15:29:21 - INFO - HikariPool-1 - Start completed.
2019-01-21 15:29:21 - INFO - HHH000204: Processing PersistenceUnitInfo [
	name: default
	...]
2019-01-21 15:29:21 - INFO - HHH000412: Hibernate Core {5.3.7.Final}
2019-01-21 15:29:21 - INFO - HHH000206: hibernate.properties not found
2019-01-21 15:29:22 - INFO - HCANN000001: Hibernate Commons Annotations {5.0.4.Final}
2019-01-21 15:29:24 - INFO - HHH000400: Using dialect: org.hibernate.dialect.MySQL5Dialect
2019-01-21 15:29:29 - INFO - Initialized JPA EntityManagerFactory for persistence unit 'default'
2019-01-21 15:29:32 - INFO - Initializing ExecutorService 'applicationTaskExecutor'
2019-01-21 15:29:32 - WARN - spring.jpa.open-in-view is enabled by default. Therefore, database queries may be performed during view rendering. Explicitly configure spring.jpa.open-in-view to disable this warning
2019-01-21 15:29:33 - INFO - Started PatientControllerTest in 19.958 seconds (JVM running for 22.989)
2019-01-21 15:29:34 - INFO - Entering into calculateAge method 1548102574124
2019-01-21 15:29:34 - INFO - Entering into getPatientById method 1548102574124
2019-01-21 15:29:34 - INFO - Entering into convertDateToString method 1548102574417
2019-01-21 15:29:34 - INFO - Exiting on convertDateToString method 1548102574419
2019-01-21 15:29:34 - INFO - Shutting down ExecutorService 'applicationTaskExecutor'
2019-01-21 15:29:34 - INFO - Closing JPA EntityManagerFactory for persistence unit 'default'
2019-01-21 15:29:34 - INFO - HikariPool-1 - Shutdown initiated...
2019-01-21 15:29:34 - INFO - HikariPool-1 - Shutdown completed.
2019-01-21 15:50:09 - INFO - Started Application 1548103809130
2019-01-21 15:50:09 - INFO - Starting HealthcareApplication on DESKTOP-3F0E4FQ with PID 8060 (E:\workspace-sts\HealthcareApplication\target\classes started by venkat swamy in E:\workspace-sts\HealthcareApplication)
2019-01-21 15:50:09 - INFO - No active profile set, falling back to default profiles: default
2019-01-21 15:50:12 - INFO - Bootstrapping Spring Data repositories in DEFAULT mode.
2019-01-21 15:50:12 - INFO - Finished Spring Data repository scanning in 246ms. Found 3 repository interfaces.
2019-01-21 15:50:12 - INFO - Bean 'org.springframework.transaction.annotation.ProxyTransactionManagementConfiguration' of type [org.springframework.transaction.annotation.ProxyTransactionManagementConfiguration$$EnhancerBySpringCGLIB$$c0a66bb4] is not eligible for getting processed by all BeanPostProcessors (for example: not eligible for auto-proxying)
2019-01-21 15:50:15 - INFO - Tomcat initialized with port(s): 8181 (http)
2019-01-21 15:50:15 - INFO - Starting service [Tomcat]
2019-01-21 15:50:15 - INFO - Starting Servlet engine: [Apache Tomcat/9.0.14]
2019-01-21 15:50:15 - INFO - The APR based Apache Tomcat Native library which allows optimal performance in production environments was not found on the java.library.path: [C:\Program Files\Java\jre1.8.0_192\bin;C:\WINDOWS\Sun\Java\bin;C:\WINDOWS\system32;C:\WINDOWS;C:/Program Files/Java/jre1.8.0_192/bin/server;C:/Program Files/Java/jre1.8.0_192/bin;C:/Program Files/Java/jre1.8.0_192/lib/amd64;C:\Program Files (x86)\Common Files\Oracle\Java\javapath;C:\WINDOWS\system32;C:\WINDOWS;C:\WINDOWS\System32\Wbem;C:\WINDOWS\System32\WindowsPowerShell\v1.0\;C:\Program Files\Java\jdk1.8.0_192\bin;C:\Program Files\Java\jre1.8.0_192\bin;C:\WINDOWS\System32\OpenSSH\;C:\Program Files\Git\cmd;C:\Program Files\Git\mingw64\bin;C:\Program Files\Git\usr\bin;C:\Program Files\MongoDB\Server\4.0\bin;C:\Users\venkat swamy\AppData\Local\Microsoft\WindowsApps;;E:\softwares\sts-bundle\sts-3.9.6.RELEASE;;.]
2019-01-21 15:50:16 - INFO - Initializing Spring embedded WebApplicationContext
2019-01-21 15:50:16 - INFO - Root WebApplicationContext: initialization completed in 6445 ms
2019-01-21 15:50:17 - INFO - HikariPool-1 - Starting...
2019-01-21 15:50:17 - INFO - HikariPool-1 - Start completed.
2019-01-21 15:50:17 - INFO - HHH000204: Processing PersistenceUnitInfo [
	name: default
	...]
2019-01-21 15:50:19 - INFO - HHH000412: Hibernate Core {5.3.7.Final}
2019-01-21 15:50:19 - INFO - HHH000206: hibernate.properties not found
2019-01-21 15:50:22 - INFO - HCANN000001: Hibernate Commons Annotations {5.0.4.Final}
2019-01-21 15:50:23 - INFO - HHH000400: Using dialect: org.hibernate.dialect.MySQL5Dialect
2019-01-21 15:50:31 - INFO - Initialized JPA EntityManagerFactory for persistence unit 'default'
2019-01-21 15:50:34 - INFO - Initializing ExecutorService 'applicationTaskExecutor'
2019-01-21 15:50:35 - WARN - spring.jpa.open-in-view is enabled by default. Therefore, database queries may be performed during view rendering. Explicitly configure spring.jpa.open-in-view to disable this warning
2019-01-21 15:50:38 - INFO - Tomcat started on port(s): 8181 (http) with context path ''
2019-01-21 15:50:38 - INFO - Started HealthcareApplication in 29.56 seconds (JVM running for 37.851)
2019-01-21 15:53:24 - INFO - Entering into getAllHospitals method 1548104004317
2019-01-21 15:53:24 - INFO - Entering into getAllHospitals method 1548104004317
2019-01-21 15:53:24 - INFO - HHH000397: Using ASTQueryTranslatorFactory
2019-01-21 15:53:25 - INFO - Exiting on getAllHospitals method 1548104005388
2019-01-21 15:54:06 - INFO - Entering into getAllHospitals method 1548104046901
2019-01-21 15:54:06 - INFO - Entering into getAllHospitals method 1548104046901
2019-01-21 15:54:06 - INFO - Exiting on getAllHospitals method 1548104046923
2019-01-21 15:58:36 - INFO - Entering into getHospitalById method 1548104316437
2019-01-21 15:58:36 - INFO - Entering into getHospitalById method 1548104316437
2019-01-21 15:58:36 - INFO - Exiting on getHospitalById method 1548104316450
