2019-01-23 11:30:05 - INFO - Started Application 1548261005986
2019-01-23 11:30:06 - INFO - Starting HealthcareApplication on DESKTOP-3F0E4FQ with PID 9792 (E:\workspace-sts\HealthcareApplication\target\classes started by venkat swamy in E:\workspace-sts\HealthcareApplication)
2019-01-23 11:30:06 - INFO - No active profile set, falling back to default profiles: default
2019-01-23 11:30:07 - INFO - Bootstrapping Spring Data repositories in DEFAULT mode.
2019-01-23 11:30:07 - INFO - Finished Spring Data repository scanning in 102ms. Found 3 repository interfaces.
2019-01-23 11:30:08 - INFO - Tomcat initialized with port(s): 8181 (http)
2019-01-23 11:30:08 - INFO - Starting service [Tomcat]
2019-01-23 11:30:08 - INFO - Starting Servlet engine: [Apache Tomcat/9.0.14]
2019-01-23 11:30:08 - INFO - The APR based Apache Tomcat Native library which allows optimal performance in production environments was not found on the java.library.path: [C:\Program Files\Java\jre1.8.0_192\bin;C:\WINDOWS\Sun\Java\bin;C:\WINDOWS\system32;C:\WINDOWS;C:/Program Files/Java/jre1.8.0_192/bin/server;C:/Program Files/Java/jre1.8.0_192/bin;C:/Program Files/Java/jre1.8.0_192/lib/amd64;C:\Program Files (x86)\Common Files\Oracle\Java\javapath;C:\WINDOWS\system32;C:\WINDOWS;C:\WINDOWS\System32\Wbem;C:\WINDOWS\System32\WindowsPowerShell\v1.0\;C:\Program Files\Java\jdk1.8.0_192\bin;C:\Program Files\Java\jre1.8.0_192\bin;C:\WINDOWS\System32\OpenSSH\;C:\Program Files\Git\cmd;C:\Program Files\Git\mingw64\bin;C:\Program Files\Git\usr\bin;C:\Program Files\MongoDB\Server\4.0\bin;C:\Users\venkat swamy\AppData\Local\Microsoft\WindowsApps;;E:\softwares\sts-bundle\sts-3.9.6.RELEASE;;.]
2019-01-23 11:30:08 - INFO - Initializing Spring embedded WebApplicationContext
2019-01-23 11:30:08 - INFO - Root WebApplicationContext: initialization completed in 2168 ms
2019-01-23 11:30:09 - INFO - HikariPool-1 - Starting...
2019-01-23 11:30:11 - INFO - HikariPool-1 - Start completed.
2019-01-23 11:30:11 - INFO - HHH000204: Processing PersistenceUnitInfo [
	name: default
	...]
2019-01-23 11:30:11 - INFO - HHH000412: Hibernate Core {5.3.7.Final}
2019-01-23 11:30:11 - INFO - HHH000206: hibernate.properties not found
2019-01-23 11:30:11 - INFO - HCANN000001: Hibernate Commons Annotations {5.0.4.Final}
2019-01-23 11:30:12 - INFO - HHH000400: Using dialect: org.hibernate.dialect.MySQL5Dialect
2019-01-23 11:30:35 - INFO - Initialized JPA EntityManagerFactory for persistence unit 'default'
2019-01-23 11:30:37 - INFO - Tomcat started on port(s): 8181 (http) with context path ''
2019-01-23 11:30:37 - INFO - Started HealthcareApplication in 31.047 seconds (JVM running for 32.529)
2019-01-23 11:31:08 - INFO - Entering into getAllHospitals method 1548261068517
2019-01-23 11:31:08 - INFO - Entering into getAllHospitals method 1548261068517
2019-01-23 11:31:08 - INFO - HHH000397: Using ASTQueryTranslatorFactory
2019-01-23 11:31:09 - INFO - Exiting on getAllHospitals method 1548261069924
2019-01-23 11:31:56 - INFO - Entering into getHospitalById method 1548261116950
2019-01-23 11:31:56 - INFO - Entering into getHospitalById method 1548261116951
2019-01-23 11:31:56 - INFO - Exiting on getHospitalById method 1548261116969
2019-01-23 11:32:16 - INFO - Entering into getPatientById method 1548261136429
2019-01-23 11:32:16 - INFO - Entering into getPatientById method 1548261136431
2019-01-23 11:32:16 - INFO - Exiting on getPatientById method 1548261136476
2019-01-23 11:32:28 - INFO - Entering into getExaminationById method 1548261148121
2019-01-23 11:32:28 - INFO - Entering into getExaminationById method 1548261148122
2019-01-23 11:32:28 - INFO - Exiting on getExaminationById method 1548261148136
2019-01-23 11:32:31 - INFO - Entering into getExaminationById method 1548261151580
2019-01-23 11:32:31 - INFO - Entering into getExaminationById method 1548261151581
2019-01-23 11:32:31 - INFO - Exiting on getExaminationById method 1548261151591
