2019-01-22 14:16:45 - INFO - Entering into getAllHospitals method 1548184605431
2019-01-22 14:16:50 - INFO - Exiting on getAllHospitals method 1548184610491
2019-01-22 14:19:55 - INFO - Entering into getAllHospitals method 1548184795254
2019-01-22 14:19:55 - INFO - Exiting on getAllHospitals method 1548184795332
2019-01-22 14:19:57 - INFO - Entering into getHospitalById method 1548184797980
2019-01-22 14:19:58 - INFO - Exiting on getHospitalById method 1548184798047
2019-01-22 14:20:20 - INFO - Entering into getAllHospitals method 1548184820278
2019-01-22 14:20:20 - INFO - Exiting on getAllHospitals method 1548184820320
2019-01-22 14:20:23 - INFO - Entering into getHospitalById method 1548184823339
2019-01-22 14:20:23 - INFO - Exiting on getHospitalById method 1548184823417
2019-01-22 14:20:29 - INFO - Entering into getHospitalById method 1548184829846
2019-01-22 14:20:29 - INFO - Exiting on getHospitalById method 1548184829867
2019-01-22 14:20:32 - INFO - Entering into getHospitalById method 1548184832582
2019-01-22 14:20:32 - INFO - Exiting on getHospitalById method 1548184832626
2019-01-22 14:20:36 - INFO - Entering into getHospitalById method 1548184836756
2019-01-22 14:20:36 - INFO - Exiting on getHospitalById method 1548184836765
2019-01-22 14:20:39 - INFO - Entering into getHospitalById method 1548184839770
2019-01-22 14:20:39 - INFO - Exiting on getHospitalById method 1548184839779
2019-01-22 14:20:41 - INFO - Entering into getHospitalById method 1548184841927
2019-01-22 14:20:41 - INFO - Exiting on getHospitalById method 1548184841974
2019-01-22 14:20:50 - INFO - Entering into getAllHospitals method 1548184850083
2019-01-22 14:20:50 - INFO - Exiting on getAllHospitals method 1548184850108
2019-01-22 14:31:58 - INFO - Entering into getAllHospitals method 1548185518833
2019-01-22 14:31:59 - INFO - Exiting on getAllHospitals method 1548185519078
2019-01-22 14:33:03 - INFO - Entering into getAllHospitals method 1548185583489
2019-01-22 14:33:03 - INFO - Exiting on getAllHospitals method 1548185583618
2019-01-22 14:33:10 - INFO - Entering into getAllHospitals method 1548185590225
2019-01-22 14:33:10 - INFO - Exiting on getAllHospitals method 1548185590283
2019-01-22 14:33:44 - INFO - Entering into getAllHospitals method 1548185624881
2019-01-22 14:33:44 - INFO - Exiting on getAllHospitals method 1548185624940
2019-01-22 14:33:45 - INFO - Entering into getAllHospitals method 1548185625132
2019-01-22 14:33:45 - INFO - Exiting on getAllHospitals method 1548185625163
2019-01-22 14:35:21 - INFO - Entering into getAllHospitals method 1548185721489
2019-01-22 14:35:21 - INFO - Exiting on getAllHospitals method 1548185721557
2019-01-22 14:38:49 - INFO - Entering into getAllHospitals method 1548185929306
2019-01-22 14:38:49 - INFO - Exiting on getAllHospitals method 1548185929355
2019-01-22 14:38:53 - INFO - Entering into getHospitalById method 1548185933065
2019-01-22 14:38:53 - INFO - Exiting on getHospitalById method 1548185933072
2019-01-22 14:40:02 - INFO - Entering into getAllHospitals method 1548186002996
2019-01-22 14:40:03 - INFO - Entering into getAllHospitals method 1548186003092
2019-01-22 14:40:03 - INFO - Exiting on getAllHospitals method 1548186003362
2019-01-22 14:40:03 - INFO - Exiting on getAllHospitals method 1548186003472
2019-01-22 14:40:08 - INFO - Entering into getAllHospitals method 1548186008673
2019-01-22 14:40:08 - INFO - Exiting on getAllHospitals method 1548186008763
2019-01-22 14:40:11 - INFO - Entering into getHospitalById method 1548186011333
2019-01-22 14:40:11 - INFO - Exiting on getHospitalById method 1548186011339
2019-01-22 14:40:14 - INFO - Entering into getHospitalById method 1548186014034
2019-01-22 14:40:14 - INFO - Exiting on getHospitalById method 1548186014042
2019-01-22 14:40:15 - INFO - Entering into getHospitalById method 1548186015904
2019-01-22 14:40:15 - INFO - Exiting on getHospitalById method 1548186015912
2019-01-22 14:40:19 - INFO - Entering into getAllHospitals method 1548186019828
2019-01-22 14:40:19 - INFO - Exiting on getAllHospitals method 1548186019871
2019-01-22 14:41:41 - INFO - Application shutdown requested.
2019-01-22 14:41:41 - INFO - Application shutdown requested.
2019-01-22 14:41:41 - INFO - Application shutdown requested.
2019-01-22 14:41:43 - INFO - Shutting down ExecutorService 'applicationTaskExecutor'
2019-01-22 14:41:43 - INFO - Closing JPA EntityManagerFactory for persistence unit 'default'
2019-01-22 14:41:44 - INFO - HikariPool-1 - Shutdown initiated...
2019-01-22 14:41:44 - INFO - HikariPool-1 - Shutdown completed.
2019-01-22 14:42:19 - INFO - Starting HealthcareApplication on DESKTOP-3F0E4FQ with PID 3344 (E:\workspace-sts\healthcare\target\classes started by venkat swamy in E:\workspace-sts\healthcare)
2019-01-22 14:42:19 - INFO - No active profile set, falling back to default profiles: default
2019-01-22 14:42:20 - INFO - Bootstrapping Spring Data repositories in DEFAULT mode.
2019-01-22 14:42:20 - INFO - Finished Spring Data repository scanning in 95ms. Found 1 repository interfaces.
2019-01-22 14:42:21 - INFO - Bean 'org.springframework.transaction.annotation.ProxyTransactionManagementConfiguration' of type [org.springframework.transaction.annotation.ProxyTransactionManagementConfiguration$$EnhancerBySpringCGLIB$$12be47b2] is not eligible for getting processed by all BeanPostProcessors (for example: not eligible for auto-proxying)
2019-01-22 14:42:22 - INFO - Tomcat initialized with port(s): 8181 (http)
2019-01-22 14:42:23 - INFO - Starting service [Tomcat]
2019-01-22 14:42:23 - INFO - Starting Servlet engine: [Apache Tomcat/9.0.14]
2019-01-22 14:42:23 - INFO - The APR based Apache Tomcat Native library which allows optimal performance in production environments was not found on the java.library.path: [C:\Program Files\Java\jre1.8.0_192\bin;C:\WINDOWS\Sun\Java\bin;C:\WINDOWS\system32;C:\WINDOWS;C:/Program Files/Java/jre1.8.0_192/bin/server;C:/Program Files/Java/jre1.8.0_192/bin;C:/Program Files/Java/jre1.8.0_192/lib/amd64;C:\Program Files (x86)\Common Files\Oracle\Java\javapath;C:\WINDOWS\system32;C:\WINDOWS;C:\WINDOWS\System32\Wbem;C:\WINDOWS\System32\WindowsPowerShell\v1.0\;C:\Program Files\Java\jdk1.8.0_192\bin;C:\Program Files\Java\jre1.8.0_192\bin;C:\WINDOWS\System32\OpenSSH\;C:\Program Files\Git\cmd;C:\Program Files\Git\mingw64\bin;C:\Program Files\Git\usr\bin;C:\Program Files\MongoDB\Server\4.0\bin;C:\Users\venkat swamy\AppData\Local\Microsoft\WindowsApps;;E:\softwares\sts-bundle\sts-3.9.6.RELEASE;;.]
2019-01-22 14:42:23 - INFO - Initializing Spring embedded WebApplicationContext
2019-01-22 14:42:23 - INFO - Root WebApplicationContext: initialization completed in 4199 ms
2019-01-22 14:42:23 - INFO - HikariPool-1 - Starting...
2019-01-22 14:42:24 - INFO - HikariPool-1 - Start completed.
2019-01-22 14:42:25 - INFO - HHH000204: Processing PersistenceUnitInfo [
	name: default
	...]
2019-01-22 14:42:29 - INFO - HHH000412: Hibernate Core {5.3.7.Final}
2019-01-22 14:42:29 - INFO - HHH000206: hibernate.properties not found
2019-01-22 14:42:39 - INFO - HCANN000001: Hibernate Commons Annotations {5.0.4.Final}
2019-01-22 14:42:42 - INFO - HHH000400: Using dialect: org.hibernate.dialect.MySQL5Dialect
2019-01-22 14:43:01 - INFO - Initialized JPA EntityManagerFactory for persistence unit 'default'
2019-01-22 14:43:06 - INFO - Initializing ExecutorService 'applicationTaskExecutor'
2019-01-22 14:43:06 - WARN - spring.jpa.open-in-view is enabled by default. Therefore, database queries may be performed during view rendering. Explicitly configure spring.jpa.open-in-view to disable this warning
2019-01-22 14:43:07 - INFO - Adding welcome page: class path resource [static/index.html]
2019-01-22 14:43:07 - INFO - Tomcat started on port(s): 8181 (http) with context path ''
2019-01-22 14:43:07 - INFO - Started HealthcareApplication in 48.851 seconds (JVM running for 50.231)
2019-01-22 14:46:42 - INFO - Initializing Spring DispatcherServlet 'dispatcherServlet'
2019-01-22 14:46:42 - INFO - Initializing Servlet 'dispatcherServlet'
2019-01-22 14:46:42 - INFO - Completed initialization in 45 ms
2019-01-22 14:46:42 - INFO - Entering into getAllHospitals method 1548186402874
2019-01-22 14:46:43 - INFO - HHH000397: Using ASTQueryTranslatorFactory
2019-01-22 14:46:43 - INFO - Exiting on getAllHospitals method 1548186403670
2019-01-22 14:46:46 - INFO - Entering into getAllHospitals method 1548186406579
2019-01-22 14:46:46 - INFO - Exiting on getAllHospitals method 1548186406614
2019-01-22 14:46:46 - INFO - Entering into getAllHospitals method 1548186406722
2019-01-22 14:46:46 - INFO - Exiting on getAllHospitals method 1548186406761
2019-01-22 14:46:46 - INFO - Entering into getAllHospitals method 1548186406885
2019-01-22 14:46:46 - INFO - Exiting on getAllHospitals method 1548186406916
2019-01-22 14:48:15 - INFO - Entering into getHospitalById method 1548186495774
2019-01-22 14:48:15 - INFO - Exiting on getHospitalById method 1548186495788
2019-01-22 14:50:17 - INFO - Entering into getAllHospitals method 1548186617959
2019-01-22 14:50:17 - INFO - Exiting on getAllHospitals method 1548186617989
2019-01-22 14:50:19 - INFO - Entering into getHospitalById method 1548186619872
2019-01-22 14:50:19 - INFO - Exiting on getHospitalById method 1548186619883
2019-01-22 14:50:38 - INFO - Entering into getAllHospitals method 1548186638377
2019-01-22 14:50:38 - INFO - Exiting on getAllHospitals method 1548186638411
2019-01-22 14:50:38 - INFO - Entering into getAllHospitals method 1548186638537
2019-01-22 14:50:38 - INFO - Exiting on getAllHospitals method 1548186638570
2019-01-22 14:50:39 - INFO - Entering into getHospitalById method 1548186639623
2019-01-22 14:50:39 - INFO - Exiting on getHospitalById method 1548186639633
2019-01-22 14:56:04 - INFO - Entering into getAllHospitals method 1548186964018
2019-01-22 14:56:04 - INFO - Exiting on getAllHospitals method 1548186964051
2019-01-22 14:56:08 - INFO - Entering into getHospitalById method 1548186968126
2019-01-22 14:56:08 - INFO - Exiting on getHospitalById method 1548186968136
2019-01-22 14:56:09 - INFO - Entering into getHospitalById method 1548186969902
2019-01-22 14:56:09 - INFO - Exiting on getHospitalById method 1548186969912
2019-01-22 14:56:11 - INFO - Entering into getHospitalById method 1548186971405
2019-01-22 14:56:11 - INFO - Exiting on getHospitalById method 1548186971414
2019-01-22 14:56:15 - INFO - Application shutdown requested.
2019-01-22 14:56:15 - INFO - Shutting down ExecutorService 'applicationTaskExecutor'
2019-01-22 14:56:15 - INFO - Closing JPA EntityManagerFactory for persistence unit 'default'
2019-01-22 14:56:15 - INFO - HikariPool-1 - Shutdown initiated...
2019-01-22 14:56:15 - INFO - HikariPool-1 - Shutdown completed.
