2019-01-20 21:14:09 - INFO - Starting HealthcareApplication on DESKTOP-3F0E4FQ with PID 11260 (E:\workspace-sts\healthcare\target\classes started by venkat swamy in E:\workspace-sts\healthcare)
2019-01-20 21:14:09 - INFO - No active profile set, falling back to default profiles: default
2019-01-20 21:14:11 - INFO - Bootstrapping Spring Data repositories in DEFAULT mode.
2019-01-20 21:14:11 - INFO - Finished Spring Data repository scanning in 177ms. Found 3 repository interfaces.
2019-01-20 21:14:12 - INFO - Bean 'org.springframework.transaction.annotation.ProxyTransactionManagementConfiguration' of type [org.springframework.transaction.annotation.ProxyTransactionManagementConfiguration$$EnhancerBySpringCGLIB$$3e28096f] is not eligible for getting processed by all BeanPostProcessors (for example: not eligible for auto-proxying)
2019-01-20 21:14:14 - INFO - Tomcat initialized with port(s): 8181 (http)
2019-01-20 21:14:14 - INFO - Starting service [Tomcat]
2019-01-20 21:14:14 - INFO - Starting Servlet engine: [Apache Tomcat/9.0.14]
2019-01-20 21:14:14 - INFO - The APR based Apache Tomcat Native library which allows optimal performance in production environments was not found on the java.library.path: [C:\Program Files\Java\jre1.8.0_192\bin;C:\WINDOWS\Sun\Java\bin;C:\WINDOWS\system32;C:\WINDOWS;C:/Program Files/Java/jre1.8.0_192/bin/server;C:/Program Files/Java/jre1.8.0_192/bin;C:/Program Files/Java/jre1.8.0_192/lib/amd64;C:\Program Files (x86)\Common Files\Oracle\Java\javapath;C:\WINDOWS\system32;C:\WINDOWS;C:\WINDOWS\System32\Wbem;C:\WINDOWS\System32\WindowsPowerShell\v1.0\;C:\Program Files\Java\jdk1.8.0_192\bin;C:\Program Files\Java\jre1.8.0_192\bin;C:\WINDOWS\System32\OpenSSH\;C:\Program Files\Git\cmd;C:\Program Files\Git\mingw64\bin;C:\Program Files\Git\usr\bin;C:\Program Files\MongoDB\Server\4.0\bin;C:\Users\venkat swamy\AppData\Local\Microsoft\WindowsApps;;E:\softwares\sts-bundle\sts-3.9.6.RELEASE;;.]
2019-01-20 21:14:15 - INFO - Initializing Spring embedded WebApplicationContext
2019-01-20 21:14:15 - INFO - Root WebApplicationContext: initialization completed in 5506 ms
2019-01-20 21:14:16 - INFO - HikariPool-1 - Starting...
2019-01-20 21:14:17 - INFO - HikariPool-1 - Start completed.
2019-01-20 21:14:18 - INFO - HHH000204: Processing PersistenceUnitInfo [
	name: default
	...]
2019-01-20 21:14:19 - INFO - HHH000412: Hibernate Core {5.3.7.Final}
2019-01-20 21:14:19 - INFO - HHH000206: hibernate.properties not found
2019-01-20 21:14:22 - INFO - HCANN000001: Hibernate Commons Annotations {5.0.4.Final}
2019-01-20 21:14:23 - INFO - HHH000400: Using dialect: org.hibernate.dialect.MySQL5Dialect
2019-01-20 21:14:28 - INFO - Initialized JPA EntityManagerFactory for persistence unit 'default'
2019-01-20 21:14:29 - INFO - Initializing ExecutorService 'applicationTaskExecutor'
2019-01-20 21:14:29 - WARN - spring.jpa.open-in-view is enabled by default. Therefore, database queries may be performed during view rendering. Explicitly configure spring.jpa.open-in-view to disable this warning
2019-01-20 21:14:29 - INFO - Tomcat started on port(s): 8181 (http) with context path ''
2019-01-20 21:14:29 - INFO - Started HealthcareApplication in 20.969 seconds (JVM running for 25.168)
2019-01-20 21:15:58 - INFO - Initializing Spring DispatcherServlet 'dispatcherServlet'
2019-01-20 21:15:58 - INFO - Initializing Servlet 'dispatcherServlet'
2019-01-20 21:15:58 - INFO - Completed initialization in 54 ms
2019-01-20 21:18:21 - INFO - Application shutdown requested.
2019-01-20 21:18:21 - INFO - Application shutdown requested.
2019-01-20 21:18:21 - INFO - Shutting down ExecutorService 'applicationTaskExecutor'
2019-01-20 21:18:21 - INFO - Closing JPA EntityManagerFactory for persistence unit 'default'
2019-01-20 21:18:21 - INFO - HikariPool-1 - Shutdown initiated...
2019-01-20 21:18:21 - INFO - HikariPool-1 - Shutdown completed.
2019-01-20 21:18:53 - INFO - Starting HealthcareApplication on DESKTOP-3F0E4FQ with PID 8404 (E:\workspace-sts\healthcare\target\classes started by venkat swamy in E:\workspace-sts\healthcare)
2019-01-20 21:18:53 - INFO - No active profile set, falling back to default profiles: default
2019-01-20 21:18:54 - INFO - Bootstrapping Spring Data repositories in DEFAULT mode.
2019-01-20 21:18:54 - INFO - Finished Spring Data repository scanning in 143ms. Found 3 repository interfaces.
2019-01-20 21:18:55 - INFO - Bean 'org.springframework.transaction.annotation.ProxyTransactionManagementConfiguration' of type [org.springframework.transaction.annotation.ProxyTransactionManagementConfiguration$$EnhancerBySpringCGLIB$$de5324c9] is not eligible for getting processed by all BeanPostProcessors (for example: not eligible for auto-proxying)
2019-01-20 21:18:56 - INFO - Tomcat initialized with port(s): 8181 (http)
2019-01-20 21:18:56 - INFO - Starting service [Tomcat]
2019-01-20 21:18:56 - INFO - Starting Servlet engine: [Apache Tomcat/9.0.14]
2019-01-20 21:18:56 - INFO - The APR based Apache Tomcat Native library which allows optimal performance in production environments was not found on the java.library.path: [C:\Program Files\Java\jre1.8.0_192\bin;C:\WINDOWS\Sun\Java\bin;C:\WINDOWS\system32;C:\WINDOWS;C:/Program Files/Java/jre1.8.0_192/bin/server;C:/Program Files/Java/jre1.8.0_192/bin;C:/Program Files/Java/jre1.8.0_192/lib/amd64;C:\Program Files (x86)\Common Files\Oracle\Java\javapath;C:\WINDOWS\system32;C:\WINDOWS;C:\WINDOWS\System32\Wbem;C:\WINDOWS\System32\WindowsPowerShell\v1.0\;C:\Program Files\Java\jdk1.8.0_192\bin;C:\Program Files\Java\jre1.8.0_192\bin;C:\WINDOWS\System32\OpenSSH\;C:\Program Files\Git\cmd;C:\Program Files\Git\mingw64\bin;C:\Program Files\Git\usr\bin;C:\Program Files\MongoDB\Server\4.0\bin;C:\Users\venkat swamy\AppData\Local\Microsoft\WindowsApps;;E:\softwares\sts-bundle\sts-3.9.6.RELEASE;;.]
2019-01-20 21:18:56 - INFO - Initializing Spring embedded WebApplicationContext
2019-01-20 21:18:56 - INFO - Root WebApplicationContext: initialization completed in 3540 ms
2019-01-20 21:18:57 - INFO - HikariPool-1 - Starting...
2019-01-20 21:18:57 - INFO - HikariPool-1 - Start completed.
2019-01-20 21:18:57 - INFO - HHH000204: Processing PersistenceUnitInfo [
	name: default
	...]
2019-01-20 21:18:58 - INFO - HHH000412: Hibernate Core {5.3.7.Final}
2019-01-20 21:18:58 - INFO - HHH000206: hibernate.properties not found
2019-01-20 21:18:59 - INFO - HCANN000001: Hibernate Commons Annotations {5.0.4.Final}
2019-01-20 21:18:59 - INFO - HHH000400: Using dialect: org.hibernate.dialect.MySQL5Dialect
2019-01-20 21:19:04 - INFO - Initialized JPA EntityManagerFactory for persistence unit 'default'
2019-01-20 21:19:05 - INFO - Initializing ExecutorService 'applicationTaskExecutor'
2019-01-20 21:19:05 - WARN - spring.jpa.open-in-view is enabled by default. Therefore, database queries may be performed during view rendering. Explicitly configure spring.jpa.open-in-view to disable this warning
2019-01-20 21:19:05 - INFO - Tomcat started on port(s): 8181 (http) with context path ''
2019-01-20 21:19:05 - INFO - Started HealthcareApplication in 15.482 seconds (JVM running for 20.306)
2019-01-20 21:19:05 - INFO - Initializing Spring DispatcherServlet 'dispatcherServlet'
2019-01-20 21:19:05 - INFO - Initializing Servlet 'dispatcherServlet'
2019-01-20 21:19:05 - INFO - Completed initialization in 17 ms
2019-01-20 21:21:54 - INFO - Application shutdown requested.
2019-01-20 21:21:54 - INFO - Shutting down ExecutorService 'applicationTaskExecutor'
2019-01-20 21:21:54 - INFO - Closing JPA EntityManagerFactory for persistence unit 'default'
2019-01-20 21:21:54 - INFO - HikariPool-1 - Shutdown initiated...
2019-01-20 21:21:54 - INFO - HikariPool-1 - Shutdown completed.
2019-01-20 21:23:09 - INFO - Starting HealthcareApplication on DESKTOP-3F0E4FQ with PID 1064 (E:\workspace-sts\healthcare\target\classes started by venkat swamy in E:\workspace-sts\healthcare)
2019-01-20 21:23:09 - INFO - No active profile set, falling back to default profiles: default
2019-01-20 21:23:10 - INFO - Bootstrapping Spring Data repositories in DEFAULT mode.
2019-01-20 21:23:10 - INFO - Finished Spring Data repository scanning in 90ms. Found 3 repository interfaces.
2019-01-20 21:23:10 - INFO - Bean 'org.springframework.transaction.annotation.ProxyTransactionManagementConfiguration' of type [org.springframework.transaction.annotation.ProxyTransactionManagementConfiguration$$EnhancerBySpringCGLIB$$20712863] is not eligible for getting processed by all BeanPostProcessors (for example: not eligible for auto-proxying)
2019-01-20 21:23:11 - INFO - Tomcat initialized with port(s): 8181 (http)
2019-01-20 21:23:11 - INFO - Starting service [Tomcat]
2019-01-20 21:23:11 - INFO - Starting Servlet engine: [Apache Tomcat/9.0.14]
2019-01-20 21:23:11 - INFO - The APR based Apache Tomcat Native library which allows optimal performance in production environments was not found on the java.library.path: [C:\Program Files\Java\jre1.8.0_192\bin;C:\WINDOWS\Sun\Java\bin;C:\WINDOWS\system32;C:\WINDOWS;C:/Program Files/Java/jre1.8.0_192/bin/server;C:/Program Files/Java/jre1.8.0_192/bin;C:/Program Files/Java/jre1.8.0_192/lib/amd64;C:\Program Files (x86)\Common Files\Oracle\Java\javapath;C:\WINDOWS\system32;C:\WINDOWS;C:\WINDOWS\System32\Wbem;C:\WINDOWS\System32\WindowsPowerShell\v1.0\;C:\Program Files\Java\jdk1.8.0_192\bin;C:\Program Files\Java\jre1.8.0_192\bin;C:\WINDOWS\System32\OpenSSH\;C:\Program Files\Git\cmd;C:\Program Files\Git\mingw64\bin;C:\Program Files\Git\usr\bin;C:\Program Files\MongoDB\Server\4.0\bin;C:\Users\venkat swamy\AppData\Local\Microsoft\WindowsApps;;E:\softwares\sts-bundle\sts-3.9.6.RELEASE;;.]
2019-01-20 21:23:11 - INFO - Initializing Spring embedded WebApplicationContext
2019-01-20 21:23:11 - INFO - Root WebApplicationContext: initialization completed in 2336 ms
2019-01-20 21:23:11 - INFO - HikariPool-1 - Starting...
2019-01-20 21:23:12 - INFO - HikariPool-1 - Start completed.
2019-01-20 21:23:12 - INFO - HHH000204: Processing PersistenceUnitInfo [
	name: default
	...]
2019-01-20 21:23:12 - INFO - HHH000412: Hibernate Core {5.3.7.Final}
2019-01-20 21:23:12 - INFO - HHH000206: hibernate.properties not found
2019-01-20 21:23:12 - INFO - HCANN000001: Hibernate Commons Annotations {5.0.4.Final}
2019-01-20 21:23:12 - INFO - HHH000400: Using dialect: org.hibernate.dialect.MySQL5Dialect
2019-01-20 21:23:15 - INFO - Initialized JPA EntityManagerFactory for persistence unit 'default'
2019-01-20 21:23:15 - INFO - Initializing ExecutorService 'applicationTaskExecutor'
2019-01-20 21:23:16 - WARN - spring.jpa.open-in-view is enabled by default. Therefore, database queries may be performed during view rendering. Explicitly configure spring.jpa.open-in-view to disable this warning
2019-01-20 21:23:16 - INFO - Tomcat started on port(s): 8181 (http) with context path ''
2019-01-20 21:23:16 - INFO - Started HealthcareApplication in 7.651 seconds (JVM running for 8.787)
2019-01-20 21:23:21 - INFO - Entering into addHospital method 1548037401154
2019-01-20 21:23:22 - INFO - Exiting on addHospital method 1548037402034
2019-01-20 21:23:28 - INFO - Entering into getAllHospitals method 1548037408985
2019-01-20 21:23:29 - INFO - HHH000397: Using ASTQueryTranslatorFactory
2019-01-20 21:23:29 - INFO - Exiting on getAllHospitals method 1548037409402
2019-01-20 21:25:45 - INFO - Application shutdown requested.
2019-01-20 21:25:45 - INFO - Shutting down ExecutorService 'applicationTaskExecutor'
2019-01-20 21:25:45 - INFO - Closing JPA EntityManagerFactory for persistence unit 'default'
2019-01-20 21:25:45 - INFO - HikariPool-1 - Shutdown initiated...
2019-01-20 21:25:45 - INFO - HikariPool-1 - Shutdown completed.
2019-01-20 21:26:00 - INFO - Starting HealthcareApplication on DESKTOP-3F0E4FQ with PID 6804 (E:\workspace-sts\healthcare\target\classes started by venkat swamy in E:\workspace-sts\healthcare)
2019-01-20 21:26:00 - INFO - No active profile set, falling back to default profiles: default
2019-01-20 21:26:01 - INFO - Bootstrapping Spring Data repositories in DEFAULT mode.
2019-01-20 21:26:01 - INFO - Finished Spring Data repository scanning in 81ms. Found 3 repository interfaces.
2019-01-20 21:26:02 - INFO - Bean 'org.springframework.transaction.annotation.ProxyTransactionManagementConfiguration' of type [org.springframework.transaction.annotation.ProxyTransactionManagementConfiguration$$EnhancerBySpringCGLIB$$a88d5387] is not eligible for getting processed by all BeanPostProcessors (for example: not eligible for auto-proxying)
2019-01-20 21:26:02 - INFO - Tomcat initialized with port(s): 8181 (http)
2019-01-20 21:26:02 - INFO - Starting service [Tomcat]
2019-01-20 21:26:02 - INFO - Starting Servlet engine: [Apache Tomcat/9.0.14]
2019-01-20 21:26:02 - INFO - The APR based Apache Tomcat Native library which allows optimal performance in production environments was not found on the java.library.path: [C:\Program Files\Java\jre1.8.0_192\bin;C:\WINDOWS\Sun\Java\bin;C:\WINDOWS\system32;C:\WINDOWS;C:/Program Files/Java/jre1.8.0_192/bin/server;C:/Program Files/Java/jre1.8.0_192/bin;C:/Program Files/Java/jre1.8.0_192/lib/amd64;C:\Program Files (x86)\Common Files\Oracle\Java\javapath;C:\WINDOWS\system32;C:\WINDOWS;C:\WINDOWS\System32\Wbem;C:\WINDOWS\System32\WindowsPowerShell\v1.0\;C:\Program Files\Java\jdk1.8.0_192\bin;C:\Program Files\Java\jre1.8.0_192\bin;C:\WINDOWS\System32\OpenSSH\;C:\Program Files\Git\cmd;C:\Program Files\Git\mingw64\bin;C:\Program Files\Git\usr\bin;C:\Program Files\MongoDB\Server\4.0\bin;C:\Users\venkat swamy\AppData\Local\Microsoft\WindowsApps;;E:\softwares\sts-bundle\sts-3.9.6.RELEASE;;.]
2019-01-20 21:26:02 - INFO - Initializing Spring embedded WebApplicationContext
2019-01-20 21:26:02 - INFO - Root WebApplicationContext: initialization completed in 2289 ms
2019-01-20 21:26:03 - INFO - HikariPool-1 - Starting...
2019-01-20 21:26:03 - INFO - HikariPool-1 - Start completed.
2019-01-20 21:26:03 - INFO - HHH000204: Processing PersistenceUnitInfo [
	name: default
	...]
2019-01-20 21:26:03 - INFO - HHH000412: Hibernate Core {5.3.7.Final}
2019-01-20 21:26:03 - INFO - HHH000206: hibernate.properties not found
2019-01-20 21:26:03 - INFO - HCANN000001: Hibernate Commons Annotations {5.0.4.Final}
2019-01-20 21:26:03 - INFO - HHH000400: Using dialect: org.hibernate.dialect.MySQL5Dialect
2019-01-20 21:26:07 - INFO - Initialized JPA EntityManagerFactory for persistence unit 'default'
2019-01-20 21:26:07 - INFO - Initializing ExecutorService 'applicationTaskExecutor'
2019-01-20 21:26:07 - WARN - spring.jpa.open-in-view is enabled by default. Therefore, database queries may be performed during view rendering. Explicitly configure spring.jpa.open-in-view to disable this warning
2019-01-20 21:26:08 - INFO - Tomcat started on port(s): 8181 (http) with context path ''
2019-01-20 21:26:08 - INFO - Started HealthcareApplication in 8.299 seconds (JVM running for 9.613)
2019-01-20 21:26:48 - INFO - Entering into addHospital method 1548037608225
2019-01-20 21:26:48 - INFO - Exiting on addHospital method 1548037608804
2019-01-20 21:27:03 - INFO - Entering into getAllHospitals method 1548037623218
2019-01-20 21:27:03 - INFO - HHH000397: Using ASTQueryTranslatorFactory
2019-01-20 21:27:03 - INFO - Exiting on getAllHospitals method 1548037623551
2019-01-20 21:33:13 - INFO - Application shutdown requested.
2019-01-20 21:33:13 - INFO - Shutting down ExecutorService 'applicationTaskExecutor'
2019-01-20 21:33:13 - INFO - Closing JPA EntityManagerFactory for persistence unit 'default'
2019-01-20 21:33:13 - INFO - HikariPool-1 - Shutdown initiated...
2019-01-20 21:33:13 - INFO - HikariPool-1 - Shutdown completed.
