2019-01-23 11:42:10 - INFO - Started Application 1548261730684
2019-01-23 11:42:11 - INFO - Starting HealthcareApplication on DESKTOP-3F0E4FQ with PID 13208 (E:\workspace-sts\healthcare\target\classes started by venkat swamy in E:\workspace-sts\healthcare)
2019-01-23 11:42:11 - INFO - No active profile set, falling back to default profiles: default
2019-01-23 11:42:11 - INFO - Bootstrapping Spring Data repositories in DEFAULT mode.
2019-01-23 11:42:11 - INFO - Finished Spring Data repository scanning in 74ms. Found 1 repository interfaces.
2019-01-23 11:42:12 - INFO - HikariPool-1 - Starting...
2019-01-23 11:42:12 - INFO - HikariPool-1 - Start completed.
2019-01-23 11:42:12 - INFO - HHH000204: Processing PersistenceUnitInfo [
	name: default
	...]
2019-01-23 11:42:12 - INFO - HHH000412: Hibernate Core {5.3.7.Final}
2019-01-23 11:42:12 - INFO - HHH000206: hibernate.properties not found
2019-01-23 11:42:13 - INFO - HCANN000001: Hibernate Commons Annotations {5.0.4.Final}
2019-01-23 11:42:13 - INFO - HHH000400: Using dialect: org.hibernate.dialect.MySQL5Dialect
2019-01-23 11:42:13 - WARN - Exception encountered during context initialization - cancelling refresh attempt: org.springframework.beans.factory.BeanCreationException: Error creating bean with name 'entityManagerFactory' defined in class path resource [org/springframework/boot/autoconfigure/orm/jpa/HibernateJpaConfiguration.class]: Invocation of init method failed; nested exception is javax.persistence.PersistenceException: [PersistenceUnit: default] Unable to build Hibernate SessionFactory; nested exception is org.hibernate.MappingException: Could not get constructor for org.hibernate.persister.entity.SingleTableEntityPersister
2019-01-23 11:42:13 - INFO - HikariPool-1 - Shutdown initiated...
2019-01-23 11:42:13 - INFO - HikariPool-1 - Shutdown completed.
2019-01-23 11:42:13 - INFO - 

Error starting ApplicationContext. To display the conditions report re-run your application with 'debug' enabled.
2019-01-23 11:42:13 - ERROR - Application run failed
org.springframework.beans.factory.BeanCreationException: Error creating bean with name 'entityManagerFactory' defined in class path resource [org/springframework/boot/autoconfigure/orm/jpa/HibernateJpaConfiguration.class]: Invocation of init method failed; nested exception is javax.persistence.PersistenceException: [PersistenceUnit: default] Unable to build Hibernate SessionFactory; nested exception is org.hibernate.MappingException: Could not get constructor for org.hibernate.persister.entity.SingleTableEntityPersister
	at org.springframework.beans.factory.support.AbstractAutowireCapableBeanFactory.initializeBean(AbstractAutowireCapableBeanFactory.java:1745)
	at org.springframework.beans.factory.support.AbstractAutowireCapableBeanFactory.doCreateBean(AbstractAutowireCapableBeanFactory.java:576)
	at org.springframework.beans.factory.support.AbstractAutowireCapableBeanFactory.createBean(AbstractAutowireCapableBeanFactory.java:498)
	at org.springframework.beans.factory.support.AbstractBeanFactory.lambda$doGetBean$0(AbstractBeanFactory.java:320)
	at org.springframework.beans.factory.support.DefaultSingletonBeanRegistry.getSingleton(DefaultSingletonBeanRegistry.java:222)
	at org.springframework.beans.factory.support.AbstractBeanFactory.doGetBean(AbstractBeanFactory.java:318)
	at org.springframework.beans.factory.support.AbstractBeanFactory.getBean(AbstractBeanFactory.java:199)
	at org.springframework.context.support.AbstractApplicationContext.getBean(AbstractApplicationContext.java:1083)
	at org.springframework.context.support.AbstractApplicationContext.finishBeanFactoryInitialization(AbstractApplicationContext.java:853)
	at org.springframework.context.support.AbstractApplicationContext.refresh(AbstractApplicationContext.java:546)
	at org.springframework.boot.SpringApplication.refresh(SpringApplication.java:775)
	at org.springframework.boot.SpringApplication.refreshContext(SpringApplication.java:397)
	at org.springframework.boot.SpringApplication.run(SpringApplication.java:316)
	at org.springframework.boot.SpringApplication.run(SpringApplication.java:1260)
	at org.springframework.boot.SpringApplication.run(SpringApplication.java:1248)
	at com.healthcare.HealthcareApplication.main(HealthcareApplication.java:14)
Caused by: javax.persistence.PersistenceException: [PersistenceUnit: default] Unable to build Hibernate SessionFactory; nested exception is org.hibernate.MappingException: Could not get constructor for org.hibernate.persister.entity.SingleTableEntityPersister
	at org.springframework.orm.jpa.AbstractEntityManagerFactoryBean.buildNativeEntityManagerFactory(AbstractEntityManagerFactoryBean.java:402)
	at org.springframework.orm.jpa.AbstractEntityManagerFactoryBean.afterPropertiesSet(AbstractEntityManagerFactoryBean.java:377)
	at org.springframework.orm.jpa.LocalContainerEntityManagerFactoryBean.afterPropertiesSet(LocalContainerEntityManagerFactoryBean.java:341)
	at org.springframework.beans.factory.support.AbstractAutowireCapableBeanFactory.invokeInitMethods(AbstractAutowireCapableBeanFactory.java:1804)
	at org.springframework.beans.factory.support.AbstractAutowireCapableBeanFactory.initializeBean(AbstractAutowireCapableBeanFactory.java:1741)
	... 15 common frames omitted
Caused by: org.hibernate.MappingException: Could not get constructor for org.hibernate.persister.entity.SingleTableEntityPersister
	at org.hibernate.persister.internal.PersisterFactoryImpl.createEntityPersister(PersisterFactoryImpl.java:123)
	at org.hibernate.persister.internal.PersisterFactoryImpl.createEntityPersister(PersisterFactoryImpl.java:77)
	at org.hibernate.metamodel.internal.MetamodelImpl.initialize(MetamodelImpl.java:154)
	at org.hibernate.internal.SessionFactoryImpl.<init>(SessionFactoryImpl.java:295)
	at org.hibernate.boot.internal.SessionFactoryBuilderImpl.build(SessionFactoryBuilderImpl.java:467)
	at org.hibernate.jpa.boot.internal.EntityManagerFactoryBuilderImpl.build(EntityManagerFactoryBuilderImpl.java:939)
	at org.springframework.orm.jpa.vendor.SpringHibernateJpaPersistenceProvider.createContainerEntityManagerFactory(SpringHibernateJpaPersistenceProvider.java:57)
	at org.springframework.orm.jpa.LocalContainerEntityManagerFactoryBean.createNativeEntityManagerFactory(LocalContainerEntityManagerFactoryBean.java:365)
	at org.springframework.orm.jpa.AbstractEntityManagerFactoryBean.buildNativeEntityManagerFactory(AbstractEntityManagerFactoryBean.java:390)
	... 19 common frames omitted
Caused by: org.hibernate.InstantiationException: could not instantiate test object : com.healthcare.model.Examination
	at org.hibernate.engine.internal.UnsavedValueFactory.instantiate(UnsavedValueFactory.java:43)
	at org.hibernate.engine.internal.UnsavedValueFactory.getUnsavedIdentifierValue(UnsavedValueFactory.java:68)
	at org.hibernate.tuple.PropertyFactory.buildIdentifierAttribute(PropertyFactory.java:61)
	at org.hibernate.tuple.entity.EntityMetamodel.<init>(EntityMetamodel.java:134)
	at org.hibernate.persister.entity.AbstractEntityPersister.<init>(AbstractEntityPersister.java:551)
	at org.hibernate.persister.entity.SingleTableEntityPersister.<init>(SingleTableEntityPersister.java:124)
	at sun.reflect.NativeConstructorAccessorImpl.newInstance0(Native Method)
	at sun.reflect.NativeConstructorAccessorImpl.newInstance(Unknown Source)
	at sun.reflect.DelegatingConstructorAccessorImpl.newInstance(Unknown Source)
	at java.lang.reflect.Constructor.newInstance(Unknown Source)
	at org.hibernate.persister.internal.PersisterFactoryImpl.createEntityPersister(PersisterFactoryImpl.java:96)
	... 27 common frames omitted
Caused by: java.lang.reflect.InvocationTargetException: null
	at sun.reflect.NativeConstructorAccessorImpl.newInstance0(Native Method)
	at sun.reflect.NativeConstructorAccessorImpl.newInstance(Unknown Source)
	at sun.reflect.DelegatingConstructorAccessorImpl.newInstance(Unknown Source)
	at java.lang.reflect.Constructor.newInstance(Unknown Source)
	at org.hibernate.engine.internal.UnsavedValueFactory.instantiate(UnsavedValueFactory.java:40)
	... 37 common frames omitted
Caused by: java.lang.Error: Unresolved compilation problems: 
	The import com.fasterxml.jackson cannot be resolved
	JsonFormat cannot be resolved to a type

	at com.healthcare.model.Examination.<init>(Examination.java:11)
	... 42 common frames omitted
2019-01-23 11:44:10 - INFO - Started Application 1548261850775
2019-01-23 11:44:11 - INFO - Starting HealthcareApplication on DESKTOP-3F0E4FQ with PID 1292 (E:\workspace-sts\healthcare\target\classes started by venkat swamy in E:\workspace-sts\healthcare)
2019-01-23 11:44:11 - INFO - No active profile set, falling back to default profiles: default
2019-01-23 11:44:12 - INFO - Bootstrapping Spring Data repositories in DEFAULT mode.
2019-01-23 11:44:12 - INFO - Finished Spring Data repository scanning in 75ms. Found 1 repository interfaces.
2019-01-23 11:44:13 - INFO - Bean 'org.springframework.transaction.annotation.ProxyTransactionManagementConfiguration' of type [org.springframework.transaction.annotation.ProxyTransactionManagementConfiguration$$EnhancerBySpringCGLIB$$1e1ce5bd] is not eligible for getting processed by all BeanPostProcessors (for example: not eligible for auto-proxying)
2019-01-23 11:44:13 - INFO - Tomcat initialized with port(s): 8181 (http)
2019-01-23 11:44:13 - INFO - Starting service [Tomcat]
2019-01-23 11:44:13 - INFO - Starting Servlet engine: [Apache Tomcat/9.0.14]
2019-01-23 11:44:13 - INFO - The APR based Apache Tomcat Native library which allows optimal performance in production environments was not found on the java.library.path: [C:\Program Files\Java\jre1.8.0_192\bin;C:\WINDOWS\Sun\Java\bin;C:\WINDOWS\system32;C:\WINDOWS;C:/Program Files/Java/jre1.8.0_192/bin/server;C:/Program Files/Java/jre1.8.0_192/bin;C:/Program Files/Java/jre1.8.0_192/lib/amd64;C:\Program Files (x86)\Common Files\Oracle\Java\javapath;C:\WINDOWS\system32;C:\WINDOWS;C:\WINDOWS\System32\Wbem;C:\WINDOWS\System32\WindowsPowerShell\v1.0\;C:\Program Files\Java\jdk1.8.0_192\bin;C:\Program Files\Java\jre1.8.0_192\bin;C:\WINDOWS\System32\OpenSSH\;C:\Program Files\Git\cmd;C:\Program Files\Git\mingw64\bin;C:\Program Files\Git\usr\bin;C:\Program Files\MongoDB\Server\4.0\bin;C:\Users\venkat swamy\AppData\Local\Microsoft\WindowsApps;;E:\softwares\sts-bundle\sts-3.9.6.RELEASE;;.]
2019-01-23 11:44:14 - INFO - Initializing Spring embedded WebApplicationContext
2019-01-23 11:44:14 - INFO - Root WebApplicationContext: initialization completed in 2614 ms
2019-01-23 11:44:14 - INFO - HikariPool-1 - Starting...
2019-01-23 11:44:14 - INFO - HikariPool-1 - Start completed.
2019-01-23 11:44:14 - INFO - HHH000204: Processing PersistenceUnitInfo [
	name: default
	...]
2019-01-23 11:44:14 - INFO - HHH000412: Hibernate Core {5.3.7.Final}
2019-01-23 11:44:14 - INFO - HHH000206: hibernate.properties not found
2019-01-23 11:44:14 - INFO - HCANN000001: Hibernate Commons Annotations {5.0.4.Final}
2019-01-23 11:44:15 - INFO - HHH000400: Using dialect: org.hibernate.dialect.MySQL5Dialect
2019-01-23 11:44:25 - INFO - Initialized JPA EntityManagerFactory for persistence unit 'default'
2019-01-23 11:44:27 - INFO - Initializing ExecutorService 'applicationTaskExecutor'
2019-01-23 11:44:27 - WARN - spring.jpa.open-in-view is enabled by default. Therefore, database queries may be performed during view rendering. Explicitly configure spring.jpa.open-in-view to disable this warning
2019-01-23 11:44:28 - INFO - Adding welcome page: class path resource [static/index.html]
2019-01-23 11:44:29 - INFO - Tomcat started on port(s): 8181 (http) with context path ''
2019-01-23 11:44:29 - INFO - Started HealthcareApplication in 18.266 seconds (JVM running for 19.418)
2019-01-23 11:44:46 - INFO - Initializing Spring DispatcherServlet 'dispatcherServlet'
2019-01-23 11:44:46 - INFO - Initializing Servlet 'dispatcherServlet'
2019-01-23 11:44:46 - INFO - Completed initialization in 18 ms
2019-01-23 11:44:55 - INFO - Entering into getAllHospitals method 1548261895322
2019-01-23 11:44:55 - INFO - Entering into getAllHospitals method 1548261895323
2019-01-23 11:44:55 - INFO - HHH000397: Using ASTQueryTranslatorFactory
2019-01-23 11:44:56 - INFO - Exiting on getAllHospitals method 1548261896053
2019-01-23 11:45:00 - INFO - Entering into getHospitalById method 1548261900078
2019-01-23 11:45:00 - INFO - Entering into getHospitalById method 1548261900079
2019-01-23 11:45:00 - INFO - Exiting on getHospitalById method 1548261900088
2019-01-23 11:45:02 - INFO - Entering into getHospitalById method 1548261902168
2019-01-23 11:45:02 - INFO - Entering into getHospitalById method 1548261902169
2019-01-23 11:45:02 - INFO - Exiting on getHospitalById method 1548261902180
2019-01-23 11:45:10 - INFO - Application shutdown requested.
2019-01-23 11:45:10 - INFO - Shutting down ExecutorService 'applicationTaskExecutor'
2019-01-23 11:45:10 - INFO - Closing JPA EntityManagerFactory for persistence unit 'default'
2019-01-23 11:45:10 - INFO - HikariPool-1 - Shutdown initiated...
2019-01-23 11:45:10 - INFO - HikariPool-1 - Shutdown completed.
